Next at t=0
(0) [0x0000fffffff0] f000:fff0 (unk. ctxt): jmpf 0xf000:e05b          ; ea5be000f0
vb 0xffff:0x06c6
c
(0) Breakpoint 1, in ffff:06c6 (0x001006b6)
Next at t=3802318404
(0) [0x0000001006b6] ffff:06c6 (unk. ctxt): int 0x10                  ; cd10
trace on
Tracing enabled for CPU0
vb 0x0048:0x0000000000000258
c
(0).[3802318404] [0x0000001006b6] ffff:06c6 (unk. ctxt): int 0x10                  ; cd10
CPU 0: Interrupt 0x10 occured (error_code=0x0000)
CPU 0: Exception 0x0d - (#GP) general protection fault occured (error_code=0x0082)
CPU 0: Interrupt 0x0d occured (error_code=0x0082)
(0) Breakpoint 2, in 0048:00000258 (0x001b8658)
Next at t=3802318405
(0) [0x0000001b8658] 0048:0000000000000258 (unk. ctxt): push ebp                  ; 6655
r
rax: 00000000_00000e0d rcx: 00000000_00000057
rdx: 00000000_0000030d rbx: 00000000_00000007
rsp: 00000000_00000fd8 rbp: 00000000_00000000
rsi: 00000000_001200d2 rdi: 00000000_001129fa
r8 : 00000000_00000000 r9 : 00000000_00000000
r10: 00000000_00000000 r11: 00000000_00000000
r12: 00000000_00000000 r13: 00000000_00000000
r14: 00000000_00000000 r15: 00000000_00000000
rip: 00000000_00000258
eflags 0x00003046: id vip vif ac vm rf nt IOPL=3 of df if tf sf ZF af PF cf
vb vb 0x0048:0x0000000000000e2e
:7: syntax error at 'vb'
vb 0x0048:0x0000000000000e2e
c
(0).[3802318405] [0x0000001b8658] 0048:0000000000000258 (unk. ctxt): push ebp                  ; 6655
(0).[3802318406] [0x0000001b865a] 0048:000000000000025a (unk. ctxt): movzx ebp, sp             ; 660fb7ec
(0).[3802318407] [0x0000001b865e] 0048:000000000000025e (unk. ctxt): push 0x000d               ; 6a0d
(0).[3802318408] [0x0000001b8660] 0048:0000000000000260 (unk. ctxt): jmp .+174 (0x001b8711)    ; e9ae00
(0).[3802318409] [0x0000001b8711] 0048:0000000000000311 (unk. ctxt): push ebx                  ; 6653
(0).[3802318410] [0x0000001b8713] 0048:0000000000000313 (unk. ctxt): push esi                  ; 6656
(0).[3802318411] [0x0000001b8715] 0048:0000000000000315 (unk. ctxt): mov bx, 0x0080            ; bb8000
(0).[3802318412] [0x0000001b8718] 0048:0000000000000318 (unk. ctxt): push ds                   ; 1e
(0).[3802318413] [0x0000001b8719] 0048:0000000000000319 (unk. ctxt): mov si, 0x02ee            ; beee02
(0).[3802318414] [0x0000001b871c] 0048:000000000000031c (unk. ctxt): push ax                   ; 50
(0).[3802318415] [0x0000001b871d] 0048:000000000000031d (unk. ctxt): mov ds, bx                ; 8edb
(0).[3802318416] [0x0000001b871f] 0048:000000000000031f (unk. ctxt): movzx esi, si             ; 660fb7f6
(0).[3802318417] [0x0000001b8723] 0048:0000000000000323 (unk. ctxt): shl esi, 0x04             ; 66c1e604
(0).[3802318418] [0x0000001b8727] 0048:0000000000000327 (unk. ctxt): mov ebx, dword ptr ds:[esi+2344] ; 67668b9e28090000
(0).[3802318419] [0x0000001b872f] 0048:000000000000032f (unk. ctxt): mov ebx, dword ptr ds:[ebx+1792] ; 67668b9b00070000
(0).[3802318420] [0x0000001b8737] 0048:0000000000000337 (unk. ctxt): sub bx, 0x002c            ; 83eb2c
(0).[3802318421] [0x0000001b873a] 0048:000000000000033a (unk. ctxt): cmp bp, bx                ; 3beb
(0).[3802318422] [0x0000001b873c] 0048:000000000000033c (unk. ctxt): jz .+4 (0x001b8742)       ; 7404
(0).[3802318423] [0x0000001b8742] 0048:0000000000000342 (unk. ctxt): movzx ebx, word ptr ss:[bp-2] ; 660fb75efe
(0).[3802318424] [0x0000001b8747] 0048:0000000000000347 (unk. ctxt): sub bx, 0x0008            ; 83eb08
(0).[3802318425] [0x0000001b874a] 0048:000000000000034a (unk. ctxt): mov bx, word ptr cs:[ebx*2+861] ; 2e678b1c5d5d030000
(0).[3802318426] [0x0000001b8753] 0048:0000000000000353 (unk. ctxt): mov word ptr ss:[bp-2], bx ; 895efe
(0).[3802318427] [0x0000001b8756] 0048:0000000000000356 (unk. ctxt): pop ax                    ; 58
(0).[3802318428] [0x0000001b8757] 0048:0000000000000357 (unk. ctxt): pop ds                    ; 1f
(0).[3802318429] [0x0000001b8758] 0048:0000000000000358 (unk. ctxt): pop esi                   ; 665e
(0).[3802318430] [0x0000001b875a] 0048:000000000000035a (unk. ctxt): pop ebx                   ; 665b
(0).[3802318431] [0x0000001b875c] 0048:000000000000035c (unk. ctxt): ret                       ; c3
(0).[3802318432] [0x0000001b8666] 0048:0000000000000266 (unk. ctxt): test word ptr ss:[bp+18], 0x0002 ; f746120200
(0).[3802318433] [0x0000001b866b] 0048:000000000000026b (unk. ctxt): jnz .+801 (0x001b8990)    ; 0f852103
(0).[3802318434] [0x0000001b8990] 0048:0000000000000590 (unk. ctxt): push ebx                  ; 6653
(0).[3802318435] [0x0000001b8992] 0048:0000000000000592 (unk. ctxt): push esi                  ; 6656
(0).[3802318436] [0x0000001b8994] 0048:0000000000000594 (unk. ctxt): mov bx, 0x0008            ; bb0800
(0).[3802318437] [0x0000001b8997] 0048:0000000000000597 (unk. ctxt): mov ds, bx                ; 8edb
(0).[3802318438] [0x0000001b8999] 0048:0000000000000599 (unk. ctxt): mov bx, word ptr ss:[bp+24] ; 8b5e18
(0).[3802318439] [0x0000001b899c] 0048:000000000000059c (unk. ctxt): shl bx, 0x04              ; c1e304
(0).[3802318440] [0x0000001b899f] 0048:000000000000059f (unk. ctxt): mov word ptr ds:0x00d2, bx ; 891ed200
(0).[3802318441] [0x0000001b89a3] 0048:00000000000005a3 (unk. ctxt): mov bx, word ptr ss:[bp+24] ; 8b5e18
(0).[3802318442] [0x0000001b89a6] 0048:00000000000005a6 (unk. ctxt): shr bx, 0x04              ; c1eb04
(0).[3802318443] [0x0000001b89a9] 0048:00000000000005a9 (unk. ctxt): mov byte ptr ds:0x00d4, bh ; 883ed400
(0).[3802318444] [0x0000001b89ad] 0048:00000000000005ad (unk. ctxt): mov bx, word ptr ss:[bp+12] ; 8b5e0c
(0).[3802318445] [0x0000001b89b0] 0048:00000000000005b0 (unk. ctxt): shl bx, 0x04              ; c1e304
(0).[3802318446] [0x0000001b89b3] 0048:00000000000005b3 (unk. ctxt): mov word ptr ds:0x00da, bx ; 891eda00
(0).[3802318447] [0x0000001b89b7] 0048:00000000000005b7 (unk. ctxt): mov bx, word ptr ss:[bp+12] ; 8b5e0c
(0).[3802318448] [0x0000001b89ba] 0048:00000000000005ba (unk. ctxt): shr bx, 0x04              ; c1eb04
(0).[3802318449] [0x0000001b89bd] 0048:00000000000005bd (unk. ctxt): mov byte ptr ds:0x00dc, bh ; 883edc00
(0).[3802318450] [0x0000001b89c1] 0048:00000000000005c1 (unk. ctxt): mov bx, 0x0050            ; bb5000
(0).[3802318451] [0x0000001b89c4] 0048:00000000000005c4 (unk. ctxt): mov es, bx                ; 8ec3
(0).[3802318452] [0x0000001b89c6] 0048:00000000000005c6 (unk. ctxt): mov word ptr es:0x0030, 0x0000 ; 26c70630000000
(0).[3802318453] [0x0000001b89cd] 0048:00000000000005cd (unk. ctxt): mov bx, 0x00d8            ; bbd800
(0).[3802318454] [0x0000001b89d0] 0048:00000000000005d0 (unk. ctxt): mov ds, bx                ; 8edb
(0).[3802318455] [0x0000001b89d2] 0048:00000000000005d2 (unk. ctxt): mov si, word ptr ss:[bp+8] ; 8b7608
(0).[3802318456] [0x0000001b89d5] 0048:00000000000005d5 (unk. ctxt): mov bl, byte ptr ds:[si]  ; 8a1c
(0).[3802318457] [0x0000001b89d7] 0048:00000000000005d7 (unk. ctxt): mov bh, 0x00              ; b700
(0).[3802318458] [0x0000001b89d9] 0048:00000000000005d9 (unk. ctxt): shl bx, 1                 ; d1e3
(0).[3802318459] [0x0000001b89db] 0048:00000000000005db (unk. ctxt): jmp word ptr cs:[bx+912]  ; 2effa79003
(0).[3802318460] [0x0000001b89eb] 0048:00000000000005eb (unk. ctxt): add si, 0x0002            ; 83c602
(0).[3802318461] [0x0000001b89ee] 0048:00000000000005ee (unk. ctxt): push si                   ; 56
(0).[3802318462] [0x0000001b89ef] 0048:00000000000005ef (unk. ctxt): sub word ptr ss:[bp+20], 0x0006 ; 836e1406
(0).[3802318463] [0x0000001b89f3] 0048:00000000000005f3 (unk. ctxt): mov bx, 0x00d0            ; bbd000
(0).[3802318464] [0x0000001b89f6] 0048:00000000000005f6 (unk. ctxt): mov ds, bx                ; 8edb
(0).[3802318465] [0x0000001b89f8] 0048:00000000000005f8 (unk. ctxt): mov si, word ptr ss:[bp+20] ; 8b7614
(0).[3802318466] [0x0000001b89fb] 0048:00000000000005fb (unk. ctxt): mov bx, word ptr ss:[bp+16] ; 8b5e10
(0).[3802318467] [0x0000001b89fe] 0048:00000000000005fe (unk. ctxt): and word ptr ss:[bp+16], 0xfcff ; 816610fffc
(0).[3802318468] [0x0000001b8a03] 0048:0000000000000603 (unk. ctxt): mov word ptr ds:[si+4], bx ; 895c04
(0).[3802318469] [0x0000001b8a06] 0048:0000000000000606 (unk. ctxt): mov bx, word ptr ss:[bp+12] ; 8b5e0c
(0).[3802318470] [0x0000001b8a09] 0048:0000000000000609 (unk. ctxt): mov word ptr ds:[si+2], bx ; 895c02
(0).[3802318471] [0x0000001b8a0c] 0048:000000000000060c (unk. ctxt): pop bx                    ; 5b
(0).[3802318472] [0x0000001b8a0d] 0048:000000000000060d (unk. ctxt): mov word ptr ds:[si], bx  ; 891c
(0).[3802318473] [0x0000001b8a0f] 0048:000000000000060f (unk. ctxt): mov si, 0x00d8            ; bed800
(0).[3802318474] [0x0000001b8a12] 0048:0000000000000612 (unk. ctxt): mov ds, si                ; 8ede
(0).[3802318475] [0x0000001b8a14] 0048:0000000000000614 (unk. ctxt): mov bl, byte ptr ds:[bx-1] ; 8a5fff
(0).[3802318476] [0x0000001b8a17] 0048:0000000000000617 (unk. ctxt): xor bh, bh                ; 32ff
(0).[3802318477] [0x0000001b8a19] 0048:0000000000000619 (unk. ctxt): shl bx, 0x02              ; c1e302
(0).[3802318478] [0x0000001b8a1c] 0048:000000000000061c (unk. ctxt): mov si, 0x0038            ; be3800
(0).[3802318479] [0x0000001b8a1f] 0048:000000000000061f (unk. ctxt): mov ds, si                ; 8ede
(0).[3802318480] [0x0000001b8a21] 0048:0000000000000621 (unk. ctxt): mov esi, dword ptr ds:[bx] ; 668b37
(0).[3802318481] [0x0000001b8a24] 0048:0000000000000624 (unk. ctxt): mov word ptr ss:[bp+8], si ; 897608
(0).[3802318482] [0x0000001b8a27] 0048:0000000000000627 (unk. ctxt): shr esi, 0x10             ; 66c1ee10
(0).[3802318483] [0x0000001b8a2b] 0048:000000000000062b (unk. ctxt): mov word ptr ss:[bp+12], si ; 89760c
(0).[3802318484] [0x0000001b8a2e] 0048:000000000000062e (unk. ctxt): pop esi                   ; 665e
(0).[3802318485] [0x0000001b8a30] 0048:0000000000000630 (unk. ctxt): pop ebx                   ; 665b
(0).[3802318486] [0x0000001b8a32] 0048:0000000000000632 (unk. ctxt): pop ebp                   ; 665d
(0).[3802318487] [0x0000001b8a34] 0048:0000000000000634 (unk. ctxt): add sp, 0x0004            ; 83c404
(0).[3802318488] [0x0000001b8a37] 0048:0000000000000637 (unk. ctxt): iret                      ; 66cf
(0).[3802318489] [0x0000000c00e6] c000:00e6 (unk. ctxt): int 0x6d                  ; cd6d
CPU 0: Interrupt 0x6d occured (error_code=0x0000)
CPU 0: Exception 0x0d - (#GP) general protection fault occured (error_code=0x036a)
CPU 0: Interrupt 0x0d occured (error_code=0x036a)
(0) Breakpoint 2, in 0048:00000258 (0x001b8658)
Next at t=3802318490
(0) [0x0000001b8658] 0048:0000000000000258 (unk. ctxt): push ebp                  ; 6655
